生成启动时间为 2015/6/14 22:33:47。
     1>项目“C:\CPPProject\_QTExample\code\CH10\CH1005\TcpClient\TcpClient.vcxproj”在节点 4 上(Build 个目标)。
     1>CustomBuild:
         Moc'ing tcpclient.h...
     1>C:\Program Files (x86)\MSBuild\Microsoft.Cpp\v4.0\V120\Microsoft.CppBuild.targets(935,5): warning MSB8027: Two or more files with the name of moc_tcpclient.cpp will produce outputs to the same location. This can lead to an incorrect build result.  The files involved are GeneratedFiles\Debug\moc_tcpclient.cpp, GeneratedFiles\Release\moc_tcpclient.cpp.
       ClCompile:
         C:\Program Files (x86)\Microsoft Visual Studio 12.0\VC\bin\x86_amd64\CL.exe /c /I. /IC:\qt\qt5.4.1\5.4\msvc2013_64_opengl\include /IC:\qt\qt5.4.1\5.4\msvc2013_64_opengl\include\QtWidgets /IC:\qt\qt5.4.1\5.4\msvc2013_64_opengl\include\QtGui /IC:\qt\qt5.4.1\5.4\msvc2013_64_opengl\include\QtNetwork /IC:\qt\qt5.4.1\5.4\msvc2013_64_opengl\include\QtCore /Idebug /I"C:\qt\qt5.4.1\5.4\msvc2013_64_opengl\mkspecs\win32-msvc2013" /Zi /nologo /W3 /WX- /Od /D _WINDOWS /D UNICODE /D WIN32 /D WIN64 /D QT_WIDGETS_LIB /D QT_GUI_LIB /D QT_NETWORK_LIB /D QT_CORE_LIB /Gm- /EHsc /MDd /GS /fp:precise /Zc:wchar_t /Zc:forScope /GR /Fo"x64\Debug\\" /Fd"x64\Debug\vc120.pdb" /Gd /TP /errorReport:prompt -Zm200 -w34100 -w34189 GeneratedFiles\Debug\moc_tcpclient.cpp tcpclient.cpp
         moc_tcpclient.cpp
         tcpclient.cpp
     1>tcpclient.cpp : warning C4819: 该文件包含不能在当前代码页(936)中表示的字符。请将该文件保存为 Unicode 格式以防止数据丢失
     1>tcpclient.cpp(13): error C2001: 常量中有换行符
     1>tcpclient.cpp(15): error C2146: 语法错误: 缺少“)”(在标识符“userNameLabel”的前面)
     1>tcpclient.cpp(18): error C2001: 常量中有换行符
     1>tcpclient.cpp(19): error C2146: 语法错误: 缺少“)”(在标识符“serverIPLineEdit”的前面)
     1>tcpclient.cpp(21): error C2001: 常量中有换行符
     1>tcpclient.cpp(22): error C2146: 语法错误: 缺少“)”(在标识符“portLineEdit”的前面)
     1>tcpclient.cpp(22): error C2143: 语法错误 : 缺少“)”(在“;”的前面)
     1>tcpclient.cpp(24): error C2001: 常量中有换行符
     1>tcpclient.cpp(26): error C2146: 语法错误: 缺少“)”(在标识符“mainLayout”的前面)
     1>tcpclient.cpp(27): error C2143: 语法错误 : 缺少“)”(在“;”的前面)
     1>tcpclient.cpp(27): error C2143: 语法错误 : 缺少“;”(在“)”的前面)
     1>tcpclient.cpp(128): error C2001: 常量中有换行符
     1>tcpclient.cpp(129): error C2143: 语法错误 : 缺少“)”(在“}”的前面)
         正在生成代码...
     1>已完成生成项目“C:\CPPProject\_QTExample\code\CH10\CH1005\TcpClient\TcpClient.vcxproj”(Build 个目标)的操作 - 失败。

生成失败。

已用时间 00:00:02.62
