生成启动时间为 2015/6/14 22:02:14。
     1>项目“C:\CPPProject\_QTExample\code\CH11\CH1102\KeyEvent\KeyEvent.vcxproj”在节点 3 上(Build 个目标)。
     1>CustomBuild:
         Moc'ing keyevent.h...
         Rcc'ing keyevent.qrc...
     1>C:\Program Files (x86)\MSBuild\Microsoft.Cpp\v4.0\V120\Microsoft.CppBuild.targets(935,5): warning MSB8027: Two or more files with the name of moc_keyevent.cpp will produce outputs to the same location. This can lead to an incorrect build result.  The files involved are GeneratedFiles\Debug\moc_keyevent.cpp, GeneratedFiles\Release\moc_keyevent.cpp.
       ClCompile:
         C:\Program Files (x86)\Microsoft Visual Studio 12.0\VC\bin\x86_amd64\CL.exe /c /I. /IC:\Qt\Qt5.4.1\5.4\msvc2013_64_opengl\include /IC:\Qt\Qt5.4.1\5.4\msvc2013_64_opengl\include\QtWidgets /IC:\Qt\Qt5.4.1\5.4\msvc2013_64_opengl\include\QtGui /IC:\Qt\Qt5.4.1\5.4\msvc2013_64_opengl\include\QtCore /Idebug /I"C:\Qt\Qt5.4.1\5.4\msvc2013_64_opengl\mkspecs\win32-msvc2013" /Zi /nologo /W3 /WX- /Od /D _WINDOWS /D UNICODE /D WIN32 /D WIN64 /D QT_WIDGETS_LIB /D QT_GUI_LIB /D QT_CORE_LIB /Gm- /EHsc /MDd /GS /fp:precise /Zc:wchar_t /Zc:forScope /GR /Fo"x64\Debug\\" /Fd"x64\Debug\vc120.pdb" /Gd /TP /errorReport:prompt -Zm200 -w34100 -w34189 GeneratedFiles\Debug\moc_keyevent.cpp keyevent.cpp main.cpp
         moc_keyevent.cpp
         keyevent.cpp
         main.cpp
         正在生成代码...
         C:\Program Files (x86)\Microsoft Visual Studio 12.0\VC\bin\x86_amd64\CL.exe /c /I. /IC:\Qt\Qt5.4.1\5.4\msvc2013_64_opengl\include /IC:\Qt\Qt5.4.1\5.4\msvc2013_64_opengl\include\QtWidgets /IC:\Qt\Qt5.4.1\5.4\msvc2013_64_opengl\include\QtGui /IC:\Qt\Qt5.4.1\5.4\msvc2013_64_opengl\include\QtCore /Idebug /I"C:\Qt\Qt5.4.1\5.4\msvc2013_64_opengl\mkspecs\win32-msvc2013" /Zi /nologo /W3 /WX- /Od /D _WINDOWS /D UNICODE /D WIN32 /D WIN64 /D QT_WIDGETS_LIB /D QT_GUI_LIB /D QT_CORE_LIB /Gm- /EHsc /MDd /GS /fp:precise /Zc:wchar_t /Zc:forScope /GR /Fo"x64\Debug\\" /Fd"x64\Debug\vc120.pdb" /Gd /TP /errorReport:prompt -Zm200 -w34100 -w34189 GeneratedFiles\qrc_keyevent.cpp
         qrc_keyevent.cpp
       Link:
         C:\Program Files (x86)\Microsoft Visual Studio 12.0\VC\bin\x86_amd64\link.exe /ERRORREPORT:PROMPT /OUT:"debug\\KeyEvent.exe" /NOLOGO /LIBPATH:C:\Qt\Qt5.4.1\5.4\msvc2013_64_opengl\lib /LIBPATH:C:\Qt\Qt5.4.1\5.4\msvc2013_64_opengl\lib /LIBPATH:C:\Qt\Qt5.4.1\5.4\msvc2013_64_opengl\lib glu32.lib opengl32.lib gdi32.lib user32.lib C:\Qt\Qt5.4.1\5.4\msvc2013_64_opengl\lib\qtmaind.lib shell32.lib C:\Qt\Qt5.4.1\5.4\msvc2013_64_opengl\lib\Qt5Cored.lib C:\Qt\Qt5.4.1\5.4\msvc2013_64_opengl\lib\Qt5Widgetsd.lib C:\Qt\Qt5.4.1\5.4\msvc2013_64_opengl\lib\Qt5Guid.lib C:\Qt\Qt5.4.1\5.4\msvc2013_64_opengl\lib\Qt5Cored.lib kernel32.lib user32.lib gdi32.lib winspool.lib comdlg32.lib advapi32.lib shell32.lib ole32.lib oleaut32.lib uuid.lib odbc32.lib odbccp32.lib /MANIFEST /MANIFESTUAC:"level='asInvoker' uiAccess='false'" /manifest:embed /DEBUG /PDB:"debug\KeyEvent.pdb" /SUBSYSTEM:WINDOWS /TLBID:1 /DYNAMICBASE /NXCOMPAT /MACHINE:X64 "/MANIFESTDEPENDENCY:type='win32' name='Microsoft.Windows.Common-Controls' version='6.0.0.0' publicKeyToken='6595b64144ccf1df' language='*' processorArchitecture='*'" x64\Debug\moc_keyevent.obj
         x64\Debug\qrc_keyevent.obj
         x64\Debug\keyevent.obj
         x64\Debug\main.obj
         KeyEvent.vcxproj -> C:\CPPProject\_QTExample\code\CH11\CH1102\KeyEvent\debug\KeyEvent.exe
     1>已完成生成项目“C:\CPPProject\_QTExample\code\CH11\CH1102\KeyEvent\KeyEvent.vcxproj”(Build 个目标)的操作。

生成成功。

已用时间 00:00:05.53
