生成启动时间为 2015/6/14 22:33:42。
     1>项目“C:\CPPProject\_QTExample\code\CH4\CH406\ExtensionDlg\ExtensionDlg.vcxproj”在节点 3 上(Build 个目标)。
     1>CustomBuild:
         Moc'ing extensiondlg.h...
     1>C:\Program Files (x86)\MSBuild\Microsoft.Cpp\v4.0\V120\Microsoft.CppBuild.targets(935,5): warning MSB8027: Two or more files with the name of moc_extensiondlg.cpp will produce outputs to the same location. This can lead to an incorrect build result.  The files involved are GeneratedFiles\Debug\moc_extensiondlg.cpp, GeneratedFiles\Release\moc_extensiondlg.cpp.
       ClCompile:
         C:\Program Files (x86)\Microsoft Visual Studio 12.0\VC\bin\x86_amd64\CL.exe /c /I. /IC:\qt\qt5.4.1\5.4\msvc2013_64_opengl\include /IC:\qt\qt5.4.1\5.4\msvc2013_64_opengl\include\QtWidgets /IC:\qt\qt5.4.1\5.4\msvc2013_64_opengl\include\QtGui /IC:\qt\qt5.4.1\5.4\msvc2013_64_opengl\include\QtCore /Idebug /I"C:\qt\qt5.4.1\5.4\msvc2013_64_opengl\mkspecs\win32-msvc2013" /Zi /nologo /W3 /WX- /Od /D _WINDOWS /D UNICODE /D WIN32 /D WIN64 /D QT_WIDGETS_LIB /D QT_GUI_LIB /D QT_CORE_LIB /Gm- /EHsc /MDd /GS /fp:precise /Zc:wchar_t /Zc:forScope /GR /Fo"x64\Debug\\" /Fd"x64\Debug\vc120.pdb" /Gd /TP /errorReport:prompt -Zm200 -w34100 -w34189 extensiondlg.cpp GeneratedFiles\Debug\moc_extensiondlg.cpp
         extensiondlg.cpp
     1>extensiondlg.cpp : warning C4819: 该文件包含不能在当前代码页(936)中表示的字符。请将该文件保存为 Unicode 格式以防止数据丢失
     1>extensiondlg.cpp(34): error C2001: 常量中有换行符
     1>extensiondlg.cpp(35): error C2146: 语法错误: 缺少“)”(在标识符“QLineEdit”的前面)
     1>extensiondlg.cpp(37): error C2001: 常量中有换行符
     1>extensiondlg.cpp(38): error C2146: 语法错误: 缺少“)”(在标识符“QComboBox”的前面)
     1>extensiondlg.cpp(39): error C2065: “sexComboBox”: 未声明的标识符
     1>extensiondlg.cpp(39): error C2227: “->insertItem”的左边必须指向类/结构/联合/泛型类型
                 类型是“unknown-type”
     1>extensiondlg.cpp(39): error C2001: 常量中有换行符
     1>extensiondlg.cpp(40): error C2146: 语法错误: 缺少“)”(在标识符“sexComboBox”的前面)
     1>extensiondlg.cpp(40): error C2001: 常量中有换行符
     1>extensiondlg.cpp(42): error C2143: 语法错误 : 缺少“)”(在“;”的前面)
     1>extensiondlg.cpp(43): error C2065: “LeftLayout”: 未声明的标识符
     1>extensiondlg.cpp(43): error C2227: “->addWidget”的左边必须指向类/结构/联合/泛型类型
                 类型是“unknown-type”
     1>extensiondlg.cpp(44): error C2065: “LeftLayout”: 未声明的标识符
     1>extensiondlg.cpp(44): error C2227: “->addWidget”的左边必须指向类/结构/联合/泛型类型
                 类型是“unknown-type”
     1>extensiondlg.cpp(44): error C2065: “nameLineEdit”: 未声明的标识符
     1>extensiondlg.cpp(45): error C2065: “LeftLayout”: 未声明的标识符
     1>extensiondlg.cpp(45): error C2227: “->addWidget”的左边必须指向类/结构/联合/泛型类型
                 类型是“unknown-type”
     1>extensiondlg.cpp(46): error C2065: “LeftLayout”: 未声明的标识符
     1>extensiondlg.cpp(46): error C2227: “->addWidget”的左边必须指向类/结构/联合/泛型类型
                 类型是“unknown-type”
     1>extensiondlg.cpp(46): error C2065: “sexComboBox”: 未声明的标识符
     1>extensiondlg.cpp(55): error C2065: “LeftLayout”: 未声明的标识符
     1>extensiondlg.cpp(64): error C2001: 常量中有换行符
     1>extensiondlg.cpp(65): error C2146: 语法错误: 缺少“)”(在标识符“QLineEdit”的前面)
     1>extensiondlg.cpp(66): error C2065: “ageLineEdit”: 未声明的标识符
     1>extensiondlg.cpp(66): error C2227: “->setText”的左边必须指向类/结构/联合/泛型类型
                 类型是“unknown-type”
     1>extensiondlg.cpp(68): error C2001: 常量中有换行符
     1>extensiondlg.cpp(69): error C2146: 语法错误: 缺少“)”(在标识符“QComboBox”的前面)
     1>extensiondlg.cpp(70): error C2065: “departmentComBox”: 未声明的标识符
     1>extensiondlg.cpp(70): error C2227: “->addItem”的左边必须指向类/结构/联合/泛型类型
                 类型是“unknown-type”
     1>extensiondlg.cpp(70): error C2143: 语法错误 : 缺少“)”(在“;”的前面)
     1>extensiondlg.cpp(70): error C2143: 语法错误 : 缺少“;”(在“)”的前面)
     1>extensiondlg.cpp(71): error C2065: “departmentComBox”: 未声明的标识符
     1>extensiondlg.cpp(71): error C2227: “->addItem”的左边必须指向类/结构/联合/泛型类型
                 类型是“unknown-type”
     1>extensiondlg.cpp(72): error C2065: “departmentComBox”: 未声明的标识符
     1>extensiondlg.cpp(72): error C2227: “->addItem”的左边必须指向类/结构/联合/泛型类型
                 类型是“unknown-type”
     1>extensiondlg.cpp(73): error C2065: “departmentComBox”: 未声明的标识符
     1>extensiondlg.cpp(73): error C2227: “->addItem”的左边必须指向类/结构/联合/泛型类型
                 类型是“unknown-type”
     1>extensiondlg.cpp(75): error C2001: 常量中有换行符
     1>extensiondlg.cpp(76): error C2146: 语法错误: 缺少“)”(在标识符“QLineEdit”的前面)
     1>extensiondlg.cpp(78): error C2143: 语法错误 : 缺少“)”(在“;”的前面)
     1>extensiondlg.cpp(78): error C2143: 语法错误 : 缺少“;”(在“)”的前面)
     1>extensiondlg.cpp(80): error C2065: “ageLineEdit”: 未声明的标识符
     1>extensiondlg.cpp(82): error C2065: “departmentComBox”: 未声明的标识符
     1>extensiondlg.cpp(84): error C2065: “emailLineEdit”: 未声明的标识符
         moc_extensiondlg.cpp
         正在生成代码...
     1>已完成生成项目“C:\CPPProject\_QTExample\code\CH4\CH406\ExtensionDlg\ExtensionDlg.vcxproj”(Build 个目标)的操作 - 失败。

生成失败。

已用时间 00:00:01.99
