生成启动时间为 2015/6/14 22:33:40。
     1>项目“C:\CPPProject\_QTExample\code\CH4\CH402\MyQQExample\MyQQExample.vcxproj”在节点 6 上(Build 个目标)。
     1>CustomBuild:
         Moc'ing dialog.h...
         Moc'ing drawer.h...
     1>C:\Program Files (x86)\MSBuild\Microsoft.Cpp\v4.0\V120\Microsoft.CppBuild.targets(935,5): warning MSB8027: Two or more files with the name of moc_dialog.cpp will produce outputs to the same location. This can lead to an incorrect build result.  The files involved are Debug\moc_dialog.cpp, Release\moc_dialog.cpp.
     1>C:\Program Files (x86)\MSBuild\Microsoft.Cpp\v4.0\V120\Microsoft.CppBuild.targets(935,5): warning MSB8027: Two or more files with the name of moc_drawer.cpp will produce outputs to the same location. This can lead to an incorrect build result.  The files involved are Debug\moc_drawer.cpp, Release\moc_drawer.cpp.
       ClCompile:
         C:\Program Files (x86)\Microsoft Visual Studio 12.0\VC\bin\x86_amd64\CL.exe /c /I. /IC:\qt\qt5.4.1\5.4\msvc2013_64_opengl\include /IC:\qt\qt5.4.1\5.4\msvc2013_64_opengl\include\QtWidgets /IC:\qt\qt5.4.1\5.4\msvc2013_64_opengl\include\QtGui /IC:\qt\qt5.4.1\5.4\msvc2013_64_opengl\include\QtCore /Idebug /I"C:\qt\qt5.4.1\5.4\msvc2013_64_opengl\mkspecs\win32-msvc2013" /Zi /nologo /W3 /WX- /Od /D _WINDOWS /D UNICODE /D WIN32 /D WIN64 /D QT_WIDGETS_LIB /D QT_GUI_LIB /D QT_CORE_LIB /Gm- /EHsc /MDd /GS /fp:precise /Zc:wchar_t /Zc:forScope /GR /Fo"x64\Debug\\" /Fd"x64\Debug\vc120.pdb" /Gd /TP /errorReport:prompt -Zm200 -w34100 -w34189 Debug\moc_dialog.cpp Debug\moc_drawer.cpp drawer.cpp
         moc_dialog.cpp
         moc_drawer.cpp
         drawer.cpp
     1>drawer.cpp : warning C4819: 该文件包含不能在当前代码页(936)中表示的字符。请将该文件保存为 Unicode 格式以防止数据丢失
     1>drawer.cpp(99): error C2001: 常量中有换行符
     1>drawer.cpp(100): error C2143: 语法错误 : 缺少“)”(在“this”的前面)
     1>drawer.cpp(100): error C2001: 常量中有换行符
         正在生成代码...
     1>已完成生成项目“C:\CPPProject\_QTExample\code\CH4\CH402\MyQQExample\MyQQExample.vcxproj”(Build 个目标)的操作 - 失败。

生成失败。

已用时间 00:00:05.71
