  Moc'ing dialog.h...
C:\Program Files (x86)\MSBuild\Microsoft.Cpp\v4.0\V120\Microsoft.CppBuild.targets(935,5): warning MSB8027: Two or more files with the name of moc_dialog.cpp will produce outputs to the same location. This can lead to an incorrect build result.  The files involved are GeneratedFiles\Debug\moc_dialog.cpp, GeneratedFiles\Release\moc_dialog.cpp.
  dialog.cpp
dialog.cpp : warning C4819: 该文件包含不能在当前代码页(936)中表示的字符。请将该文件保存为 Unicode 格式以防止数据丢失
c:\cppproject\_qtexample\code\ch3\ch304\userinfo\dialog.h : warning C4819: 该文件包含不能在当前代码页(936)中表示的字符。请将该文件保存为 Unicode 格式以防止数据丢失
dialog.cpp(18): error C2001: 常量中有换行符
dialog.cpp(19): error C2146: 语法错误: 缺少“)”(在标识符“NameLineEdit”的前面)
dialog.cpp(20): error C2001: 常量中有换行符
dialog.cpp(21): error C2146: 语法错误: 缺少“)”(在标识符“SexComboBox”的前面)
dialog.cpp(22): error C2001: 常量中有换行符
dialog.cpp(23): error C2146: 语法错误: 缺少“)”(在标识符“SexComboBox”的前面)
dialog.cpp(23): error C2001: 常量中有换行符
dialog.cpp(24): error C2001: 常量中有换行符
dialog.cpp(25): error C2143: 语法错误 : 缺少“)”(在“;”的前面)
dialog.cpp(26): error C2001: 常量中有换行符
dialog.cpp(27): error C2146: 语法错误: 缺少“)”(在标识符“AgeLineEdit”的前面)
dialog.cpp(28): error C2001: 常量中有换行符
dialog.cpp(29): error C2146: 语法错误: 缺少“)”(在标识符“OtherLabel”的前面)
dialog.cpp(29): error C2143: 语法错误 : 缺少“)”(在“;”的前面)
dialog.cpp(64): error C2001: 常量中有换行符
dialog.cpp(65): error C2146: 语法错误: 缺少“)”(在标识符“IntroductionTextEdit”的前面)
dialog.cpp(67): error C2143: 语法错误 : 缺少“)”(在“;”的前面)
dialog.cpp(67): error C2143: 语法错误 : 缺少“;”(在“)”的前面)
  moc_dialog.cpp
c:\cppproject\_qtexample\code\ch3\ch304\userinfo\generatedfiles\debug\../../dialog.h : warning C4819: 该文件包含不能在当前代码页(936)中表示的字符。请将该文件保存为 Unicode 格式以防止数据丢失
  main.cpp
c:\cppproject\_qtexample\code\ch3\ch304\userinfo\dialog.h : warning C4819: 该文件包含不能在当前代码页(936)中表示的字符。请将该文件保存为 Unicode 格式以防止数据丢失
  正在生成代码...
