生成启动时间为 2015/6/14 22:33:42。
     1>项目“C:\CPPProject\_QTExample\code\CH5\CH501\ImageProcessor\ImageProcessor.vcxproj”在节点 4 上(Build 个目标)。
     1>CustomBuild:
         Moc'ing imgprocessor.h...
         Moc'ing showwidget.h...
     1>C:\Program Files (x86)\MSBuild\Microsoft.Cpp\v4.0\V120\Microsoft.CppBuild.targets(935,5): warning MSB8027: Two or more files with the name of moc_imgprocessor.cpp will produce outputs to the same location. This can lead to an incorrect build result.  The files involved are Debug\moc_imgprocessor.cpp, Release\moc_imgprocessor.cpp.
     1>C:\Program Files (x86)\MSBuild\Microsoft.Cpp\v4.0\V120\Microsoft.CppBuild.targets(935,5): warning MSB8027: Two or more files with the name of moc_showwidget.cpp will produce outputs to the same location. This can lead to an incorrect build result.  The files involved are Debug\moc_showwidget.cpp, Release\moc_showwidget.cpp.
       ClCompile:
         C:\Program Files (x86)\Microsoft Visual Studio 12.0\VC\bin\x86_amd64\CL.exe /c /I. /IC:\qt\qt5.4.1\5.4\msvc2013_64_opengl\include /IC:\qt\qt5.4.1\5.4\msvc2013_64_opengl\include\QtPrintSupport /IC:\qt\qt5.4.1\5.4\msvc2013_64_opengl\include\QtWidgets /IC:\qt\qt5.4.1\5.4\msvc2013_64_opengl\include\QtGui /IC:\qt\qt5.4.1\5.4\msvc2013_64_opengl\include\QtCore /Idebug /I"C:\qt\qt5.4.1\5.4\msvc2013_64_opengl\mkspecs\win32-msvc2013" /Zi /nologo /W3 /WX- /Od /D _WINDOWS /D UNICODE /D WIN32 /D WIN64 /D QT_PRINTSUPPORT_LIB /D QT_WIDGETS_LIB /D QT_GUI_LIB /D QT_CORE_LIB /Gm- /EHsc /MDd /GS /fp:precise /Zc:wchar_t /Zc:forScope /GR /Fo"x64\Debug\\" /Fd"x64\Debug\vc120.pdb" /Gd /TP /errorReport:prompt -Zm200 -w34100 -w34189 Debug\moc_imgprocessor.cpp Debug\moc_showwidget.cpp imgprocessor.cpp
         moc_imgprocessor.cpp
     1>c:\cppproject\_qtexample\code\ch5\ch501\imageprocessor\debug\../imgprocessor.h : warning C4819: 该文件包含不能在当前代码页(936)中表示的字符。请将该文件保存为 Unicode 格式以防止数据丢失
         moc_showwidget.cpp
         imgprocessor.cpp
     1>imgprocessor.cpp : warning C4819: 该文件包含不能在当前代码页(936)中表示的字符。请将该文件保存为 Unicode 格式以防止数据丢失
     1>c:\cppproject\_qtexample\code\ch5\ch501\imageprocessor\imgprocessor.h : warning C4819: 该文件包含不能在当前代码页(936)中表示的字符。请将该文件保存为 Unicode 格式以防止数据丢失
     1>imgprocessor.cpp(92): error C2001: 常量中有换行符
     1>imgprocessor.cpp(93): error C2146: 语法错误: 缺少“)”(在标识符“connect”的前面)
     1>imgprocessor.cpp(98): error C2001: 常量中有换行符
     1>imgprocessor.cpp(99): error C2146: 语法错误: 缺少“)”(在标识符“connect”的前面)
     1>imgprocessor.cpp(99): error C2143: 语法错误 : 缺少“)”(在“;”的前面)
     1>imgprocessor.cpp(102): error C2001: 常量中有换行符
     1>imgprocessor.cpp(103): error C2146: 语法错误: 缺少“)”(在标识符“exitAction”的前面)
     1>imgprocessor.cpp(104): error C2001: 常量中有换行符
     1>imgprocessor.cpp(105): error C2146: 语法错误: 缺少“)”(在标识符“connect”的前面)
     1>imgprocessor.cpp(105): error C2143: 语法错误 : 缺少“)”(在“;”的前面)
     1>imgprocessor.cpp(131): error C2001: 常量中有换行符
     1>imgprocessor.cpp(132): error C2146: 语法错误: 缺少“)”(在标识符“connect”的前面)
     1>imgprocessor.cpp(132): error C2143: 语法错误 : 缺少“)”(在“;”的前面)
     1>imgprocessor.cpp(136): error C2001: 常量中有换行符
     1>imgprocessor.cpp(137): error C2146: 语法错误: 缺少“)”(在标识符“connect”的前面)
     1>imgprocessor.cpp(137): error C2143: 语法错误 : 缺少“)”(在“;”的前面)
     1>imgprocessor.cpp(141): error C2001: 常量中有换行符
     1>imgprocessor.cpp(142): error C2146: 语法错误: 缺少“)”(在标识符“connect”的前面)
     1>imgprocessor.cpp(142): error C2143: 语法错误 : 缺少“)”(在“;”的前面)
     1>imgprocessor.cpp(146): error C2001: 常量中有换行符
     1>imgprocessor.cpp(147): error C2146: 语法错误: 缺少“)”(在标识符“connect”的前面)
     1>imgprocessor.cpp(147): error C2143: 语法错误 : 缺少“)”(在“;”的前面)
     1>imgprocessor.cpp(168): error C2001: 常量中有换行符
     1>imgprocessor.cpp(169): error C2146: 语法错误: 缺少“)”(在标识符“connect”的前面)
     1>imgprocessor.cpp(169): error C2143: 语法错误 : 缺少“)”(在“;”的前面)
     1>imgprocessor.cpp(173): error C2001: 常量中有换行符
     1>imgprocessor.cpp(174): error C2146: 语法错误: 缺少“)”(在标识符“connect”的前面)
     1>imgprocessor.cpp(174): error C2143: 语法错误 : 缺少“)”(在“;”的前面)
     1>imgprocessor.cpp(179): error C2001: 常量中有换行符
     1>imgprocessor.cpp(180): error C2146: 语法错误: 缺少“)”(在标识符“leftAction”的前面)
     1>imgprocessor.cpp(180): error C2664: “QAction::QAction(const QAction &)”: 无法将参数 1 从“QIcon”转换为“const QString &”
                 原因如下:  无法从“QIcon”转换为“const QString”
                 没有可用于执行该转换的用户定义的转换运算符，或者无法调用该运算符
     1>imgprocessor.cpp(182): error C2001: 常量中有换行符
     1>imgprocessor.cpp(183): error C2146: 语法错误: 缺少“)”(在标识符“rightAction”的前面)
     1>imgprocessor.cpp(183): error C2664: “QAction::QAction(const QAction &)”: 无法将参数 1 从“QIcon”转换为“const QString &”
                 原因如下:  无法从“QIcon”转换为“const QString”
                 没有可用于执行该转换的用户定义的转换运算符，或者无法调用该运算符
         正在生成代码...
     1>已完成生成项目“C:\CPPProject\_QTExample\code\CH5\CH501\ImageProcessor\ImageProcessor.vcxproj”(Build 个目标)的操作 - 失败。

生成失败。

已用时间 00:00:03.52
