c:\cppproject\_qtexample\code\ch8\ch804\datedelegate\x64\debug\vc120.pdb
c:\cppproject\_qtexample\code\ch8\ch804\datedelegate\x64\debug\spindelegate.obj
c:\cppproject\_qtexample\code\ch8\ch804\datedelegate\x64\debug\mainwindow.obj
c:\cppproject\_qtexample\code\ch8\ch804\datedelegate\x64\debug\main.obj
c:\cppproject\_qtexample\code\ch8\ch804\datedelegate\x64\debug\moc_spindelegate.obj
c:\cppproject\_qtexample\code\ch8\ch804\datedelegate\x64\debug\moc_mainwindow.obj
c:\cppproject\_qtexample\code\ch8\ch804\datedelegate\x64\debug\moc_datedelegate.obj
c:\cppproject\_qtexample\code\ch8\ch804\datedelegate\x64\debug\moc_combodelegate.obj
c:\cppproject\_qtexample\code\ch8\ch804\datedelegate\x64\debug\datedelegate.obj
c:\cppproject\_qtexample\code\ch8\ch804\datedelegate\x64\debug\combodelegate.obj
c:\cppproject\_qtexample\code\ch8\ch804\datedelegate\debug\moc_combodelegate.cpp
c:\cppproject\_qtexample\code\ch8\ch804\datedelegate\debug\moc_datedelegate.cpp
c:\cppproject\_qtexample\code\ch8\ch804\datedelegate\debug\moc_mainwindow.cpp
c:\cppproject\_qtexample\code\ch8\ch804\datedelegate\debug\moc_spindelegate.cpp
c:\cppproject\_qtexample\code\ch8\ch804\datedelegate\debug\datedelegate.ilk
c:\cppproject\_qtexample\code\ch8\ch804\datedelegate\debug\datedelegate.exe
c:\cppproject\_qtexample\code\ch8\ch804\datedelegate\debug\datedelegate.pdb
c:\cppproject\_qtexample\code\ch8\ch804\datedelegate\x64\debug\datedelegate.tlog\cl.command.1.tlog
c:\cppproject\_qtexample\code\ch8\ch804\datedelegate\x64\debug\datedelegate.tlog\cl.read.1.tlog
c:\cppproject\_qtexample\code\ch8\ch804\datedelegate\x64\debug\datedelegate.tlog\cl.write.1.tlog
c:\cppproject\_qtexample\code\ch8\ch804\datedelegate\x64\debug\datedelegate.tlog\custombuild.command.1.tlog
c:\cppproject\_qtexample\code\ch8\ch804\datedelegate\x64\debug\datedelegate.tlog\custombuild.read.1.tlog
c:\cppproject\_qtexample\code\ch8\ch804\datedelegate\x64\debug\datedelegate.tlog\custombuild.write.1.tlog
c:\cppproject\_qtexample\code\ch8\ch804\datedelegate\x64\debug\datedelegate.tlog\link.command.1.tlog
c:\cppproject\_qtexample\code\ch8\ch804\datedelegate\x64\debug\datedelegate.tlog\link.read.1.tlog
c:\cppproject\_qtexample\code\ch8\ch804\datedelegate\x64\debug\datedelegate.tlog\link.write.1.tlog
