生成启动时间为 2015/6/14 22:33:47。
     1>项目“C:\CPPProject\_QTExample\code\CH9\CH906\FileInfo\FileInfo.vcxproj”在节点 3 上(Build 个目标)。
     1>CustomBuild:
         Moc'ing fileinfo.h...
     1>C:\Program Files (x86)\MSBuild\Microsoft.Cpp\v4.0\V120\Microsoft.CppBuild.targets(935,5): warning MSB8027: Two or more files with the name of moc_fileinfo.cpp will produce outputs to the same location. This can lead to an incorrect build result.  The files involved are GeneratedFiles\Debug\moc_fileinfo.cpp, GeneratedFiles\Release\moc_fileinfo.cpp.
       ClCompile:
         C:\Program Files (x86)\Microsoft Visual Studio 12.0\VC\bin\x86_amd64\CL.exe /c /I. /IC:\qt\qt5.4.1\5.4\msvc2013_64_opengl\include /IC:\qt\qt5.4.1\5.4\msvc2013_64_opengl\include\QtWidgets /IC:\qt\qt5.4.1\5.4\msvc2013_64_opengl\include\QtGui /IC:\qt\qt5.4.1\5.4\msvc2013_64_opengl\include\QtCore /Idebug /I"C:\qt\qt5.4.1\5.4\msvc2013_64_opengl\mkspecs\win32-msvc2013" /Zi /nologo /W3 /WX- /Od /D _WINDOWS /D UNICODE /D WIN32 /D WIN64 /D QT_WIDGETS_LIB /D QT_GUI_LIB /D QT_CORE_LIB /Gm- /EHsc /MDd /GS /fp:precise /Zc:wchar_t /Zc:forScope /GR /Fo"x64\Debug\\" /Fd"x64\Debug\vc120.pdb" /Gd /TP /errorReport:prompt -Zm200 -w34100 -w34189 fileinfo.cpp GeneratedFiles\Debug\moc_fileinfo.cpp
         fileinfo.cpp
     1>fileinfo.cpp : warning C4819: 该文件包含不能在当前代码页(936)中表示的字符。请将该文件保存为 Unicode 格式以防止数据丢失
     1>fileinfo.cpp(14): error C2001: 常量中有换行符
     1>fileinfo.cpp(15): error C2146: 语法错误: 缺少“)”(在标识符“sizeLineEdit”的前面)
     1>fileinfo.cpp(17): error C2001: 常量中有换行符
     1>fileinfo.cpp(18): error C2146: 语法错误: 缺少“)”(在标识符“createTimeLineEdit”的前面)
     1>fileinfo.cpp(20): error C2143: 语法错误 : 缺少“)”(在“;”的前面)
     1>fileinfo.cpp(20): error C2143: 语法错误 : 缺少“;”(在“)”的前面)
     1>fileinfo.cpp(32): error C2001: 常量中有换行符
     1>fileinfo.cpp(33): error C2146: 语法错误: 缺少“)”(在标识符“isWritableCheckBox”的前面)
     1>fileinfo.cpp(33): error C2001: 常量中有换行符
     1>fileinfo.cpp(34): error C2143: 语法错误 : 缺少“)”(在“;”的前面)
     1>fileinfo.cpp(36): error C2143: 语法错误 : 缺少“)”(在“;”的前面)
     1>fileinfo.cpp(36): error C2143: 语法错误 : 缺少“;”(在“)”的前面)
         moc_fileinfo.cpp
         正在生成代码...
     1>已完成生成项目“C:\CPPProject\_QTExample\code\CH9\CH906\FileInfo\FileInfo.vcxproj”(Build 个目标)的操作 - 失败。

生成失败。

已用时间 00:00:02.14
