生成启动时间为 2015/6/14 22:33:40。
     1>项目“C:\CPPProject\_QTExample\code\CH4\CH401\DialogExample\DialogExample.vcxproj”在节点 4 上(Build 个目标)。
     1>CustomBuild:
         Moc'ing customdlg.h...
         Moc'ing dialog.h...
         Moc'ing inputdlg.h...
         Moc'ing msgboxdlg.h...
     1>C:\Program Files (x86)\MSBuild\Microsoft.Cpp\v4.0\V120\Microsoft.CppBuild.targets(935,5): warning MSB8027: Two or more files with the name of moc_customdlg.cpp will produce outputs to the same location. This can lead to an incorrect build result.  The files involved are Debug\moc_customdlg.cpp, Release\moc_customdlg.cpp.
     1>C:\Program Files (x86)\MSBuild\Microsoft.Cpp\v4.0\V120\Microsoft.CppBuild.targets(935,5): warning MSB8027: Two or more files with the name of moc_dialog.cpp will produce outputs to the same location. This can lead to an incorrect build result.  The files involved are Debug\moc_dialog.cpp, Release\moc_dialog.cpp.
     1>C:\Program Files (x86)\MSBuild\Microsoft.Cpp\v4.0\V120\Microsoft.CppBuild.targets(935,5): warning MSB8027: Two or more files with the name of moc_inputdlg.cpp will produce outputs to the same location. This can lead to an incorrect build result.  The files involved are Debug\moc_inputdlg.cpp, Release\moc_inputdlg.cpp.
     1>C:\Program Files (x86)\MSBuild\Microsoft.Cpp\v4.0\V120\Microsoft.CppBuild.targets(935,5): warning MSB8027: Two or more files with the name of moc_msgboxdlg.cpp will produce outputs to the same location. This can lead to an incorrect build result.  The files involved are Debug\moc_msgboxdlg.cpp, Release\moc_msgboxdlg.cpp.
       ClCompile:
         C:\Program Files (x86)\Microsoft Visual Studio 12.0\VC\bin\x86_amd64\CL.exe /c /I. /IC:\qt\qt5.4.1\5.4\msvc2013_64_opengl\include /IC:\qt\qt5.4.1\5.4\msvc2013_64_opengl\include\QtWidgets /IC:\qt\qt5.4.1\5.4\msvc2013_64_opengl\include\QtGui /IC:\qt\qt5.4.1\5.4\msvc2013_64_opengl\include\QtCore /Idebug /I"C:\qt\qt5.4.1\5.4\msvc2013_64_opengl\mkspecs\win32-msvc2013" /Zi /nologo /W3 /WX- /Od /D _WINDOWS /D UNICODE /D WIN32 /D WIN64 /D QT_WIDGETS_LIB /D QT_GUI_LIB /D QT_CORE_LIB /Gm- /EHsc /MDd /GS /fp:precise /Zc:wchar_t /Zc:forScope /GR /Fo"x64\Debug\\" /Fd"x64\Debug\vc120.pdb" /Gd /TP /errorReport:prompt -Zm200 -w34100 -w34189 Debug\moc_customdlg.cpp Debug\moc_dialog.cpp Debug\moc_inputdlg.cpp Debug\moc_msgboxdlg.cpp dialog.cpp inputdlg.cpp msgboxdlg.cpp
         moc_customdlg.cpp
         moc_dialog.cpp
         moc_inputdlg.cpp
         moc_msgboxdlg.cpp
         dialog.cpp
     1>dialog.cpp : warning C4819: 该文件包含不能在当前代码页(936)中表示的字符。请将该文件保存为 Unicode 格式以防止数据丢失
     1>dialog.cpp(13): error C2001: 常量中有换行符
     1>dialog.cpp(14): error C2146: 语法错误: 缺少“)”(在标识符“fileLineEdit”的前面)
     1>dialog.cpp(21): error C2001: 常量中有换行符
     1>dialog.cpp(22): error C2146: 语法错误: 缺少“)”(在标识符“colorFrame”的前面)
     1>dialog.cpp(22): error C2143: 语法错误 : 缺少“)”(在“;”的前面)
     1>dialog.cpp(30): error C2001: 常量中有换行符
     1>dialog.cpp(31): error C2146: 语法错误: 缺少“)”(在标识符“fontLineEdit”的前面)
     1>dialog.cpp(31): error C2143: 语法错误 : 缺少“)”(在“;”的前面)
     1>dialog.cpp(38): error C2001: 常量中有换行符
     1>dialog.cpp(39): error C2146: 语法错误: 缺少“)”(在标识符“mainLayout”的前面)
     1>dialog.cpp(39): error C2143: 语法错误 : 缺少“)”(在“;”的前面)
     1>dialog.cpp(44): error C2001: 常量中有换行符
     1>dialog.cpp(45): error C2146: 语法错误: 缺少“)”(在标识符“mainLayout”的前面)
     1>dialog.cpp(45): error C2143: 语法错误 : 缺少“)”(在“;”的前面)
         inputdlg.cpp
     1>inputdlg.cpp : warning C4819: 该文件包含不能在当前代码页(936)中表示的字符。请将该文件保存为 Unicode 格式以防止数据丢失
     1>inputdlg.cpp(9): error C2001: 常量中有换行符
     1>inputdlg.cpp(10): error C2146: 语法错误: 缺少“)”(在标识符“nameLabel2”的前面)
     1>inputdlg.cpp(17): error C2001: 常量中有换行符
     1>inputdlg.cpp(18): error C2146: 语法错误: 缺少“)”(在标识符“sexLabel2”的前面)
     1>inputdlg.cpp(18): error C2143: 语法错误 : 缺少“)”(在“;”的前面)
     1>inputdlg.cpp(19): error C2001: 常量中有换行符
     1>inputdlg.cpp(20): error C2146: 语法错误: 缺少“)”(在标识符“sexLabel2”的前面)
     1>inputdlg.cpp(20): error C2143: 语法错误 : 缺少“)”(在“;”的前面)
     1>inputdlg.cpp(25): error C2001: 常量中有换行符
     1>inputdlg.cpp(26): error C2146: 语法错误: 缺少“)”(在标识符“ageLabel2”的前面)
     1>inputdlg.cpp(26): error C2143: 语法错误 : 缺少“)”(在“;”的前面)
     1>inputdlg.cpp(33): error C2001: 常量中有换行符
     1>inputdlg.cpp(34): error C2146: 语法错误: 缺少“)”(在标识符“scoreLabel2”的前面)
     1>inputdlg.cpp(34): error C2143: 语法错误 : 缺少“)”(在“;”的前面)
     1>inputdlg.cpp(75): error C2146: 语法错误: 缺少“)”(在标识符“濂”的前面)
     1>inputdlg.cpp(75): error C2059: 语法错误:“)”
     1>inputdlg.cpp(78): error C2001: 常量中有换行符
     1>inputdlg.cpp(79): error C2146: 语法错误: 缺少“)”(在标识符“tr”的前面)
     1>inputdlg.cpp(79): error C2001: 常量中有换行符
     1>inputdlg.cpp(81): error C2143: 语法错误 : 缺少“)”(在“;”的前面)
     1>inputdlg.cpp(86): error C2001: 常量中有换行符
     1>inputdlg.cpp(87): error C2146: 语法错误: 缺少“)”(在标识符“tr”的前面)
     1>inputdlg.cpp(94): error C2001: 常量中有换行符
     1>inputdlg.cpp(95): error C2146: 语法错误: 缺少“)”(在标识符“tr”的前面)
         msgboxdlg.cpp
     1>msgboxdlg.cpp : warning C4819: 该文件包含不能在当前代码页(936)中表示的字符。请将该文件保存为 Unicode 格式以防止数据丢失
     1>msgboxdlg.cpp(50): error C2001: 常量中有换行符
     1>msgboxdlg.cpp(51): error C2146: 语法错误: 缺少“)”(在标识符“tr”的前面)
     1>msgboxdlg.cpp(53): error C2143: 语法错误 : 缺少“;”(在“{”的前面)
     1>msgboxdlg.cpp(54): error C2046: 非法的 case
     1>msgboxdlg.cpp(56): error C2043: 非法 break
     1>msgboxdlg.cpp(57): error C2046: 非法的 case
     1>msgboxdlg.cpp(59): error C2043: 非法 break
     1>msgboxdlg.cpp(60): error C2047: 非法的 default
     1>msgboxdlg.cpp(61): error C2043: 非法 break
     1>msgboxdlg.cpp(68): error C2001: 常量中有换行符
     1>msgboxdlg.cpp(69): error C2146: 语法错误: 缺少“)”(在标识符“tr”的前面)
     1>msgboxdlg.cpp(75): error C2001: 常量中有换行符
     1>msgboxdlg.cpp(76): error C2146: 语法错误: 缺少“)”(在标识符“tr”的前面)
     1>msgboxdlg.cpp(76): error C2001: 常量中有换行符
     1>msgboxdlg.cpp(79): error C2143: 语法错误 : 缺少“;”(在“{”的前面)
     1>msgboxdlg.cpp(80): error C2046: 非法的 case
     1>msgboxdlg.cpp(82): error C2043: 非法 break
     1>msgboxdlg.cpp(83): error C2046: 非法的 case
     1>msgboxdlg.cpp(85): error C2043: 非法 break
     1>msgboxdlg.cpp(86): error C2046: 非法的 case
     1>msgboxdlg.cpp(88): error C2043: 非法 break
     1>msgboxdlg.cpp(89): error C2047: 非法的 default
     1>msgboxdlg.cpp(90): error C2043: 非法 break
     1>msgboxdlg.cpp(97): error C2001: 常量中有换行符
     1>msgboxdlg.cpp(97): error C2146: 语法错误: 缺少“)”(在标识符“杩欐槸涓€涓狢ritical娑堟伅妗嗘祴璇曪紒”的前面)
     1>msgboxdlg.cpp(103): error C2001: 常量中有换行符
     1>msgboxdlg.cpp(103): error C2146: 语法错误: 缺少“)”(在标识符“杩欐槸涓€涓狝bout娑堟伅妗嗘祴璇曪紒”的前面)
     1>msgboxdlg.cpp(109): error C2001: 常量中有换行符
     1>msgboxdlg.cpp(110): error C2143: 语法错误 : 缺少“)”(在“return”的前面)
         正在生成代码...
     1>已完成生成项目“C:\CPPProject\_QTExample\code\CH4\CH401\DialogExample\DialogExample.vcxproj”(Build 个目标)的操作 - 失败。

生成失败。

已用时间 00:00:06.62
