生成启动时间为 2015/6/14 22:33:52。
     1>项目“C:\CPPProject\_QTExample\code\CH18\MyselfQQ\MyselfQQ.vcxproj”在节点 8 上(Build 个目标)。
     1>CustomBuild:
         Moc'ing client.h...
         Moc'ing drawer.h...
         Moc'ing server.h...
         Moc'ing widget.h...
     1>C:\Program Files (x86)\MSBuild\Microsoft.Cpp\v4.0\V120\Microsoft.CppBuild.targets(935,5): warning MSB8027: Two or more files with the name of moc_client.cpp will produce outputs to the same location. This can lead to an incorrect build result.  The files involved are Debug\moc_client.cpp, Release\moc_client.cpp.
     1>C:\Program Files (x86)\MSBuild\Microsoft.Cpp\v4.0\V120\Microsoft.CppBuild.targets(935,5): warning MSB8027: Two or more files with the name of moc_drawer.cpp will produce outputs to the same location. This can lead to an incorrect build result.  The files involved are Debug\moc_drawer.cpp, Release\moc_drawer.cpp.
     1>C:\Program Files (x86)\MSBuild\Microsoft.Cpp\v4.0\V120\Microsoft.CppBuild.targets(935,5): warning MSB8027: Two or more files with the name of moc_server.cpp will produce outputs to the same location. This can lead to an incorrect build result.  The files involved are Debug\moc_server.cpp, Release\moc_server.cpp.
     1>C:\Program Files (x86)\MSBuild\Microsoft.Cpp\v4.0\V120\Microsoft.CppBuild.targets(935,5): warning MSB8027: Two or more files with the name of moc_widget.cpp will produce outputs to the same location. This can lead to an incorrect build result.  The files involved are Debug\moc_widget.cpp, Release\moc_widget.cpp.
       ClCompile:
         C:\Program Files (x86)\Microsoft Visual Studio 12.0\VC\bin\x86_amd64\CL.exe /c /I. /IC:\Qt\Qt5.4.1\5.4\msvc2013_64_opengl\include /IC:\Qt\Qt5.4.1\5.4\msvc2013_64_opengl\include\QtWidgets /IC:\Qt\Qt5.4.1\5.4\msvc2013_64_opengl\include\QtGui /IC:\Qt\Qt5.4.1\5.4\msvc2013_64_opengl\include\QtNetwork /IC:\Qt\Qt5.4.1\5.4\msvc2013_64_opengl\include\QtCore /Idebug /I. /I"C:\Qt\Qt5.4.1\5.4\msvc2013_64_opengl\mkspecs\win32-msvc2013" /I.\GeneratedFiles /Zi /nologo /W3 /WX- /Od /D _WINDOWS /D UNICODE /D WIN32 /D WIN64 /D QT_WIDGETS_LIB /D QT_GUI_LIB /D QT_NETWORK_LIB /D QT_CORE_LIB /Gm- /EHsc /MDd /GS /fp:precise /Zc:wchar_t /Zc:forScope /GR /Fo"x64\Debug\\" /Fd"x64\Debug\vc120.pdb" /Gd /TP /errorReport:prompt -Zm200 -w34100 -w34189 client.cpp Debug\moc_client.cpp Debug\moc_drawer.cpp Debug\moc_server.cpp Debug\moc_widget.cpp drawer.cpp server.cpp widget.cpp
         client.cpp
     1>client.cpp : warning C4819: 该文件包含不能在当前代码页(936)中表示的字符。请将该文件保存为 Unicode 格式以防止数据丢失
     1>client.cpp(85): error C2001: 常量中有换行符
     1>client.cpp(86): error C2228: “.arg”的左边必须有类/结构/联合
                 类型是“const char [77]”
     1>client.cpp(87): error C2228: “.arg”的左边必须有类/结构/联合
     1>client.cpp(88): error C2228: “.arg”的左边必须有类/结构/联合
     1>client.cpp(89): error C2228: “.arg”的左边必须有类/结构/联合
     1>client.cpp(90): error C2228: “.arg”的左边必须有类/结构/联合
     1>client.cpp(90): error C2143: 语法错误 : 缺少“)”(在“;”的前面)
         moc_client.cpp
         moc_drawer.cpp
         moc_server.cpp
         moc_widget.cpp
         drawer.cpp
     1>drawer.cpp : warning C4819: 该文件包含不能在当前代码页(936)中表示的字符。请将该文件保存为 Unicode 格式以防止数据丢失
     1>drawer.cpp(28): error C2001: 常量中有换行符
     1>drawer.cpp(29): error C2146: 语法错误: 缺少“)”(在标识符“toolBtn3”的前面)
     1>drawer.cpp(98): error C2001: 常量中有换行符
     1>drawer.cpp(99): error C2143: 语法错误 : 缺少“)”(在“}”的前面)
         server.cpp
     1>server.cpp : warning C4819: 该文件包含不能在当前代码页(936)中表示的字符。请将该文件保存为 Unicode 格式以防止数据丢失
     1>server.cpp(51): error C2001: 常量中有换行符
     1>server.cpp(53): error C2146: 语法错误: 缺少“)”(在标识符“locFile”的前面)
     1>server.cpp(87): error C2001: 常量中有换行符
     1>server.cpp(88): error C2228: “.arg”的左边必须有类/结构/联合
                 类型是“const char [74]”
     1>server.cpp(89): error C2228: “.arg”的左边必须有类/结构/联合
     1>server.cpp(90): error C2228: “.arg”的左边必须有类/结构/联合
     1>server.cpp(91): error C2228: “.arg”的左边必须有类/结构/联合
     1>server.cpp(92): error C2228: “.arg”的左边必须有类/结构/联合
     1>server.cpp(92): error C2143: 语法错误 : 缺少“)”(在“;”的前面)
     1>server.cpp(140): error C2001: 常量中有换行符
     1>server.cpp(141): error C2143: 语法错误 : 缺少“)”(在“}”的前面)
         widget.cpp
     1>widget.cpp : warning C4819: 该文件包含不能在当前代码页(936)中表示的字符。请将该文件保存为 Unicode 格式以防止数据丢失
     1>widget.cpp(52): error C2001: 常量中有换行符
     1>widget.cpp(53): error C2143: 语法错误 : 缺少“)”(在“return”的前面)
     1>widget.cpp(149): error C2001: 常量中有换行符
     1>widget.cpp(150): error C2146: 语法错误: 缺少“)”(在标识符“ui”的前面)
     1>widget.cpp(162): error C2001: 常量中有换行符
     1>widget.cpp(163): error C2146: 语法错误: 缺少“)”(在标识符“ui”的前面)
     1>widget.cpp(203): error C2001: 常量中有换行符
     1>widget.cpp(204): error C2143: 语法错误 : 缺少“)”(在“return”的前面)
     1>widget.cpp(215): error C2001: 常量中有换行符
     1>widget.cpp(216): error C2143: 语法错误 : 缺少“)”(在“if”的前面)
     1>widget.cpp(216): error C2143: 语法错误 : 缺少“;”(在“{”的前面)
     1>widget.cpp(225): error C2181: 没有匹配 if 的非法 else
         正在生成代码...
     1>已完成生成项目“C:\CPPProject\_QTExample\code\CH18\MyselfQQ\MyselfQQ.vcxproj”(Build 个目标)的操作 - 失败。

生成失败。

已用时间 00:00:06.69
