生成启动时间为 2015/6/14 22:33:43。
     1>项目“C:\CPPProject\_QTExample\code\CH6\CH602\PaintEx\PaintEx.vcxproj”在节点 6 上(Build 个目标)。
     1>CustomBuild:
         Moc'ing mainwidget.h...
         Moc'ing paintarea.h...
     1>C:\Program Files (x86)\MSBuild\Microsoft.Cpp\v4.0\V120\Microsoft.CppBuild.targets(935,5): warning MSB8027: Two or more files with the name of moc_mainwidget.cpp will produce outputs to the same location. This can lead to an incorrect build result.  The files involved are Debug\moc_mainwidget.cpp, Release\moc_mainwidget.cpp.
     1>C:\Program Files (x86)\MSBuild\Microsoft.Cpp\v4.0\V120\Microsoft.CppBuild.targets(935,5): warning MSB8027: Two or more files with the name of moc_paintarea.cpp will produce outputs to the same location. This can lead to an incorrect build result.  The files involved are Debug\moc_paintarea.cpp, Release\moc_paintarea.cpp.
       ClCompile:
         C:\Program Files (x86)\Microsoft Visual Studio 12.0\VC\bin\x86_amd64\CL.exe /c /I. /IC:\qt\qt5.4.1\5.4\msvc2013_64_opengl\include /IC:\qt\qt5.4.1\5.4\msvc2013_64_opengl\include\QtWidgets /IC:\qt\qt5.4.1\5.4\msvc2013_64_opengl\include\QtGui /IC:\qt\qt5.4.1\5.4\msvc2013_64_opengl\include\QtCore /Idebug /I"C:\qt\qt5.4.1\5.4\msvc2013_64_opengl\mkspecs\win32-msvc2013" /Zi /nologo /W3 /WX- /Od /D _WINDOWS /D UNICODE /D WIN32 /D WIN64 /D QT_WIDGETS_LIB /D QT_GUI_LIB /D QT_CORE_LIB /Gm- /EHsc /MDd /GS /fp:precise /Zc:wchar_t /Zc:forScope /GR /Fo"x64\Debug\\" /Fd"x64\Debug\vc120.pdb" /Gd /TP /errorReport:prompt -Zm200 -w34100 -w34189 Debug\moc_mainwidget.cpp Debug\moc_paintarea.cpp mainwidget.cpp
         moc_mainwidget.cpp
         moc_paintarea.cpp
         mainwidget.cpp
     1>mainwidget.cpp : warning C4819: 该文件包含不能在当前代码页(936)中表示的字符。请将该文件保存为 Unicode 格式以防止数据丢失
     1>mainwidget.cpp(8): error C2001: 常量中有换行符
     1>mainwidget.cpp(9): error C2146: 语法错误: 缺少“)”(在标识符“shapeComboBox”的前面)
     1>mainwidget.cpp(23): error C2001: 常量中有换行符
     1>mainwidget.cpp(24): error C2146: 语法错误: 缺少“)”(在标识符“penColorFrame”的前面)
     1>mainwidget.cpp(25): error C2143: 语法错误 : 缺少“)”(在“;”的前面)
     1>mainwidget.cpp(25): error C2143: 语法错误 : 缺少“;”(在“)”的前面)
     1>mainwidget.cpp(31): error C2001: 常量中有换行符
     1>mainwidget.cpp(32): error C2146: 语法错误: 缺少“)”(在标识符“penWidthSpinBox”的前面)
     1>mainwidget.cpp(33): error C2143: 语法错误 : 缺少“)”(在“;”的前面)
     1>mainwidget.cpp(33): error C2143: 语法错误 : 缺少“;”(在“)”的前面)
     1>mainwidget.cpp(36): error C2001: 常量中有换行符
     1>mainwidget.cpp(37): error C2146: 语法错误: 缺少“)”(在标识符“penStyleComboBox”的前面)
     1>mainwidget.cpp(38): error C2143: 语法错误 : 缺少“)”(在“;”的前面)
     1>mainwidget.cpp(38): error C2143: 语法错误 : 缺少“;”(在“)”的前面)
     1>mainwidget.cpp(46): error C2001: 常量中有换行符
     1>mainwidget.cpp(47): error C2146: 语法错误: 缺少“)”(在标识符“penCapComboBox”的前面)
     1>mainwidget.cpp(48): error C2143: 语法错误 : 缺少“)”(在“;”的前面)
     1>mainwidget.cpp(48): error C2143: 语法错误 : 缺少“;”(在“)”的前面)
     1>mainwidget.cpp(60): error C2001: 常量中有换行符
     1>mainwidget.cpp(61): error C2146: 语法错误: 缺少“)”(在标识符“fillRuleComboBox”的前面)
     1>mainwidget.cpp(62): error C2143: 语法错误 : 缺少“)”(在“;”的前面)
     1>mainwidget.cpp(62): error C2143: 语法错误 : 缺少“;”(在“)”的前面)
     1>mainwidget.cpp(66): error C2001: 常量中有换行符
     1>mainwidget.cpp(67): error C2146: 语法错误: 缺少“)”(在标识符“spreadComboBox”的前面)
     1>mainwidget.cpp(68): error C2143: 语法错误 : 缺少“)”(在“;”的前面)
     1>mainwidget.cpp(68): error C2143: 语法错误 : 缺少“;”(在“)”的前面)
     1>mainwidget.cpp(73): error C2001: 常量中有换行符
     1>mainwidget.cpp(74): error C2146: 语法错误: 缺少“)”(在标识符“brushColorFrame”的前面)
     1>mainwidget.cpp(75): error C2143: 语法错误 : 缺少“)”(在“;”的前面)
     1>mainwidget.cpp(75): error C2143: 语法错误 : 缺少“;”(在“)”的前面)
     1>mainwidget.cpp(81): error C2001: 常量中有换行符
     1>mainwidget.cpp(82): error C2146: 语法错误: 缺少“)”(在标识符“brushStyleComboBox”的前面)
     1>mainwidget.cpp(83): error C2143: 语法错误 : 缺少“)”(在“;”的前面)
     1>mainwidget.cpp(83): error C2143: 语法错误 : 缺少“;”(在“)”的前面)
         正在生成代码...
     1>已完成生成项目“C:\CPPProject\_QTExample\code\CH6\CH602\PaintEx\PaintEx.vcxproj”(Build 个目标)的操作 - 失败。

生成失败。

已用时间 00:00:03.14
