生成启动时间为 2015/6/14 22:33:40。
     1>项目“C:\CPPProject\_QTExample\code\CH3\CH305\Example\Example.vcxproj”在节点 5 上(Build 个目标)。
     1>CustomBuild:
         Moc'ing baseinfo.h...
         Moc'ing contact.h...
         Moc'ing content.h...
         Moc'ing detail.h...
     1>C:\Program Files (x86)\MSBuild\Microsoft.Cpp\v4.0\V120\Microsoft.CppBuild.targets(935,5): warning MSB8027: Two or more files with the name of moc_baseinfo.cpp will produce outputs to the same location. This can lead to an incorrect build result.  The files involved are Debug\moc_baseinfo.cpp, Release\moc_baseinfo.cpp.
     1>C:\Program Files (x86)\MSBuild\Microsoft.Cpp\v4.0\V120\Microsoft.CppBuild.targets(935,5): warning MSB8027: Two or more files with the name of moc_contact.cpp will produce outputs to the same location. This can lead to an incorrect build result.  The files involved are Debug\moc_contact.cpp, Release\moc_contact.cpp.
     1>C:\Program Files (x86)\MSBuild\Microsoft.Cpp\v4.0\V120\Microsoft.CppBuild.targets(935,5): warning MSB8027: Two or more files with the name of moc_content.cpp will produce outputs to the same location. This can lead to an incorrect build result.  The files involved are Debug\moc_content.cpp, Release\moc_content.cpp.
     1>C:\Program Files (x86)\MSBuild\Microsoft.Cpp\v4.0\V120\Microsoft.CppBuild.targets(935,5): warning MSB8027: Two or more files with the name of moc_detail.cpp will produce outputs to the same location. This can lead to an incorrect build result.  The files involved are Debug\moc_detail.cpp, Release\moc_detail.cpp.
       ClCompile:
         C:\Program Files (x86)\Microsoft Visual Studio 12.0\VC\bin\x86_amd64\CL.exe /c /I. /IC:\qt\qt5.4.1\5.4\msvc2013_64_opengl\include /IC:\qt\qt5.4.1\5.4\msvc2013_64_opengl\include\QtWidgets /IC:\qt\qt5.4.1\5.4\msvc2013_64_opengl\include\QtGui /IC:\qt\qt5.4.1\5.4\msvc2013_64_opengl\include\QtCore /Idebug /I"C:\qt\qt5.4.1\5.4\msvc2013_64_opengl\mkspecs\win32-msvc2013" /Zi /nologo /W3 /WX- /Od /D _WINDOWS /D UNICODE /D WIN32 /D WIN64 /D QT_WIDGETS_LIB /D QT_GUI_LIB /D QT_CORE_LIB /Gm- /EHsc /MDd /GS /fp:precise /Zc:wchar_t /Zc:forScope /GR /Fo"x64\Debug\\" /Fd"x64\Debug\vc120.pdb" /Gd /TP /errorReport:prompt -Zm200 -w34100 -w34189 baseinfo.cpp contact.cpp Debug\moc_baseinfo.cpp Debug\moc_contact.cpp Debug\moc_content.cpp Debug\moc_detail.cpp detail.cpp
         baseinfo.cpp
     1>baseinfo.cpp : warning C4819: 该文件包含不能在当前代码页(936)中表示的字符。请将该文件保存为 Unicode 格式以防止数据丢失
     1>c:\cppproject\_qtexample\code\ch3\ch305\example\baseinfo.h : warning C4819: 该文件包含不能在当前代码页(936)中表示的字符。请将该文件保存为 Unicode 格式以防止数据丢失
     1>baseinfo.cpp(10): error C2001: 常量中有换行符
     1>baseinfo.cpp(11): error C2146: 语法错误: 缺少“)”(在标识符“NameLineEdit”的前面)
     1>baseinfo.cpp(13): error C2001: 常量中有换行符
     1>baseinfo.cpp(14): error C2146: 语法错误: 缺少“)”(在标识符“SexComboBox”的前面)
     1>baseinfo.cpp(15): error C2001: 常量中有换行符
     1>baseinfo.cpp(16): error C2146: 语法错误: 缺少“)”(在标识符“SexComboBox”的前面)
     1>baseinfo.cpp(16): error C2001: 常量中有换行符
     1>baseinfo.cpp(18): error C2001: 常量中有换行符
     1>baseinfo.cpp(19): error C2143: 语法错误 : 缺少“)”(在“;”的前面)
     1>baseinfo.cpp(21): error C2001: 常量中有换行符
     1>baseinfo.cpp(22): error C2146: 语法错误: 缺少“)”(在标识符“AgeLineEdit”的前面)
     1>baseinfo.cpp(24): error C2001: 常量中有换行符
     1>baseinfo.cpp(25): error C2146: 语法错误: 缺少“)”(在标识符“OtherLabel”的前面)
     1>baseinfo.cpp(25): error C2143: 语法错误 : 缺少“)”(在“;”的前面)
     1>baseinfo.cpp(60): error C2001: 常量中有换行符
     1>baseinfo.cpp(61): error C2146: 语法错误: 缺少“)”(在标识符“IntroductionTextEdit”的前面)
     1>baseinfo.cpp(63): error C2143: 语法错误 : 缺少“)”(在“;”的前面)
     1>baseinfo.cpp(63): error C2143: 语法错误 : 缺少“;”(在“)”的前面)
         contact.cpp
     1>contact.cpp : warning C4819: 该文件包含不能在当前代码页(936)中表示的字符。请将该文件保存为 Unicode 格式以防止数据丢失
     1>contact.cpp(6): error C2001: 常量中有换行符
     1>contact.cpp(7): error C2146: 语法错误: 缺少“)”(在标识符“EmailLineEdit”的前面)
     1>contact.cpp(9): error C2001: 常量中有换行符
     1>contact.cpp(10): error C2146: 语法错误: 缺少“)”(在标识符“AddrLineEdit”的前面)
     1>contact.cpp(12): error C2001: 常量中有换行符
     1>contact.cpp(13): error C2146: 语法错误: 缺少“)”(在标识符“CodeLineEdit”的前面)
     1>contact.cpp(13): error C2143: 语法错误 : 缺少“)”(在“;”的前面)
     1>contact.cpp(15): error C2001: 常量中有换行符
     1>contact.cpp(16): error C2146: 语法错误: 缺少“)”(在标识符“MoviTelLineEdit”的前面)
     1>contact.cpp(17): error C2143: 语法错误 : 缺少“)”(在“;”的前面)
     1>contact.cpp(17): error C2143: 语法错误 : 缺少“;”(在“)”的前面)
     1>contact.cpp(19): error C2001: 常量中有换行符
     1>contact.cpp(20): error C2146: 语法错误: 缺少“)”(在标识符“ProTelLineEdit”的前面)
     1>contact.cpp(22): error C2143: 语法错误 : 缺少“)”(在“;”的前面)
     1>contact.cpp(22): error C2143: 语法错误 : 缺少“;”(在“)”的前面)
         moc_baseinfo.cpp
     1>c:\cppproject\_qtexample\code\ch3\ch305\example\debug\../baseinfo.h : warning C4819: 该文件包含不能在当前代码页(936)中表示的字符。请将该文件保存为 Unicode 格式以防止数据丢失
         moc_contact.cpp
         moc_content.cpp
     1>c:\cppproject\_qtexample\code\ch3\ch305\example\baseinfo.h : warning C4819: 该文件包含不能在当前代码页(936)中表示的字符。请将该文件保存为 Unicode 格式以防止数据丢失
         moc_detail.cpp
         detail.cpp
     1>detail.cpp : warning C4819: 该文件包含不能在当前代码页(936)中表示的字符。请将该文件保存为 Unicode 格式以防止数据丢失
     1>detail.cpp(6): error C2001: 常量中有换行符
     1>detail.cpp(7): error C2146: 语法错误: 缺少“)”(在标识符“NationalComboBox”的前面)
     1>detail.cpp(12): error C2001: 常量中有换行符
     1>detail.cpp(13): error C2146: 语法错误: 缺少“)”(在标识符“ProvinceComboBox”的前面)
     1>detail.cpp(14): error C2001: 常量中有换行符
     1>detail.cpp(15): error C2146: 语法错误: 缺少“)”(在标识符“ProvinceComboBox”的前面)
     1>detail.cpp(15): error C2001: 常量中有换行符
     1>detail.cpp(16): error C2001: 常量中有换行符
     1>detail.cpp(18): error C2001: 常量中有换行符
     1>detail.cpp(19): error C2143: 语法错误 : 缺少“)”(在“;”的前面)
     1>detail.cpp(21): error C2001: 常量中有换行符
     1>detail.cpp(22): error C2146: 语法错误: 缺少“)”(在标识符“IntroductTextEdit”的前面)
     1>detail.cpp(24): error C2143: 语法错误 : 缺少“)”(在“;”的前面)
     1>detail.cpp(24): error C2143: 语法错误 : 缺少“;”(在“)”的前面)
         正在生成代码...
     1>已完成生成项目“C:\CPPProject\_QTExample\code\CH3\CH305\Example\Example.vcxproj”(Build 个目标)的操作 - 失败。

生成失败。

已用时间 00:00:10.48
