生成启动时间为 2015/6/14 22:33:51。
     1>项目“C:\CPPProject\_QTExample\code\CH17\MyselfWord\MyselfWord.vcxproj”在节点 7 上(Build 个目标)。
     1>CustomBuild:
         Moc'ing mychild.h...
         Moc'ing myword.h...
     1>C:\Program Files (x86)\MSBuild\Microsoft.Cpp\v4.0\V120\Microsoft.CppBuild.targets(935,5): warning MSB8027: Two or more files with the name of moc_mychild.cpp will produce outputs to the same location. This can lead to an incorrect build result.  The files involved are Debug\moc_mychild.cpp, Release\moc_mychild.cpp.
     1>C:\Program Files (x86)\MSBuild\Microsoft.Cpp\v4.0\V120\Microsoft.CppBuild.targets(935,5): warning MSB8027: Two or more files with the name of moc_myword.cpp will produce outputs to the same location. This can lead to an incorrect build result.  The files involved are Debug\moc_myword.cpp, Release\moc_myword.cpp.
       ClCompile:
         C:\Program Files (x86)\Microsoft Visual Studio 12.0\VC\bin\x86_amd64\CL.exe /c /I. /IC:\Qt\Qt5.4.1\5.4\msvc2013_64_opengl\include /IC:\Qt\Qt5.4.1\5.4\msvc2013_64_opengl\include\QtPrintSupport /IC:\Qt\Qt5.4.1\5.4\msvc2013_64_opengl\include\QtWidgets /IC:\Qt\Qt5.4.1\5.4\msvc2013_64_opengl\include\QtGui /IC:\Qt\Qt5.4.1\5.4\msvc2013_64_opengl\include\QtCore /Idebug /I"C:\Qt\Qt5.4.1\5.4\msvc2013_64_opengl\mkspecs\win32-msvc2013" /Zi /nologo /W3 /WX- /Od /D _WINDOWS /D UNICODE /D WIN32 /D WIN64 /D QT_PRINTSUPPORT_LIB /D QT_WIDGETS_LIB /D QT_GUI_LIB /D QT_CORE_LIB /Gm- /EHsc /MDd /GS /fp:precise /Zc:wchar_t /Zc:forScope /GR /Fo"x64\Debug\\" /Fd"x64\Debug\vc120.pdb" /Gd /TP /errorReport:prompt -Zm200 -w34100 -w34189 Debug\moc_mychild.cpp Debug\moc_myword.cpp mychild.cpp myword.cpp
         moc_mychild.cpp
     1>c:\cppproject\_qtexample\code\ch17\myselfword\debug\../mychild.h : warning C4819: 该文件包含不能在当前代码页(936)中表示的字符。请将该文件保存为 Unicode 格式以防止数据丢失
         moc_myword.cpp
     1>c:\cppproject\_qtexample\code\ch17\myselfword\debug\../myword.h : warning C4819: 该文件包含不能在当前代码页(936)中表示的字符。请将该文件保存为 Unicode 格式以防止数据丢失
         mychild.cpp
     1>mychild.cpp : warning C4819: 该文件包含不能在当前代码页(936)中表示的字符。请将该文件保存为 Unicode 格式以防止数据丢失
     1>c:\cppproject\_qtexample\code\ch17\myselfword\mychild.h : warning C4819: 该文件包含不能在当前代码页(936)中表示的字符。请将该文件保存为 Unicode 格式以防止数据丢失
     1>mychild.cpp(100): error C2146: 语法错误: 缺少“)”(在标识符“HTML”的前面)
     1>mychild.cpp(100): error C2059: 语法错误:“.*”
     1>mychild.cpp(100): error C2001: 常量中有换行符
     1>mychild.cpp(100): error C3861: “鎵€鏈夋枃浠”:  找不到标识符
         myword.cpp
     1>myword.cpp : warning C4819: 该文件包含不能在当前代码页(936)中表示的字符。请将该文件保存为 Unicode 格式以防止数据丢失
     1>c:\cppproject\_qtexample\code\ch17\myselfword\myword.h : warning C4819: 该文件包含不能在当前代码页(936)中表示的字符。请将该文件保存为 Unicode 格式以防止数据丢失
     1>c:\cppproject\_qtexample\code\ch17\myselfword\mychild.h : warning C4819: 该文件包含不能在当前代码页(936)中表示的字符。请将该文件保存为 Unicode 格式以防止数据丢失
     1>myword.cpp(143): error C2001: 常量中有换行符
     1>myword.cpp(144): error C2146: 语法错误: 缺少“)”(在标识符“connect”的前面)
     1>myword.cpp(163): error C2001: 常量中有换行符
     1>myword.cpp(164): error C2146: 语法错误: 缺少“)”(在标识符“connect”的前面)
     1>myword.cpp(164): error C2143: 语法错误 : 缺少“)”(在“;”的前面)
     1>myword.cpp(202): error C2001: 常量中有换行符
     1>myword.cpp(203): error C2146: 语法错误: 缺少“)”(在标识符“QFont”的前面)
     1>myword.cpp(203): error C2143: 语法错误 : 缺少“)”(在“;”的前面)
     1>myword.cpp(204): error C2065: “bold”: 未声明的标识符
     1>myword.cpp(204): error C2228: “.setBold”的左边必须有类/结构/联合
                 类型是“unknown-type”
     1>myword.cpp(205): error C2065: “bold”: 未声明的标识符
     1>myword.cpp(221): error C2001: 常量中有换行符
     1>myword.cpp(222): error C2146: 语法错误: 缺少“)”(在标识符“underlineAct”的前面)
     1>myword.cpp(222): error C2001: 常量中有换行符
     1>myword.cpp(223): error C2143: 语法错误 : 缺少“)”(在“;”的前面)
     1>myword.cpp(224): error C2065: “underline”: 未声明的标识符
     1>myword.cpp(224): error C2228: “.setUnderline”的左边必须有类/结构/联合
                 类型是“unknown-type”
     1>myword.cpp(225): error C2065: “underline”: 未声明的标识符
     1>myword.cpp(245): error C2001: 常量中有换行符
     1>myword.cpp(246): error C2146: 语法错误: 缺少“)”(在标识符“leftAlignAct”的前面)
     1>myword.cpp(251): error C2001: 常量中有换行符
     1>myword.cpp(253): error C2146: 语法错误: 缺少“)”(在标识符“rightAlignAct”的前面)
     1>myword.cpp(253): error C2143: 语法错误 : 缺少“)”(在“;”的前面)
     1>myword.cpp(255): error C2001: 常量中有换行符
     1>myword.cpp(256): error C2146: 语法错误: 缺少“)”(在标识符“rightAlignAct”的前面)
     1>myword.cpp(272): error C2001: 常量中有换行符
     1>myword.cpp(273): error C2146: 语法错误: 缺少“)”(在标识符“connect”的前面)
     1>myword.cpp(273): error C2143: 语法错误 : 缺少“)”(在“;”的前面)
     1>myword.cpp(280): error C2001: 常量中有换行符
     1>myword.cpp(281): error C2146: 语法错误: 缺少“)”(在标识符“connect”的前面)
     1>myword.cpp(281): error C2143: 语法错误 : 缺少“)”(在“;”的前面)
     1>myword.cpp(284): error C2001: 常量中有换行符
     1>myword.cpp(285): error C2146: 语法错误: 缺少“)”(在标识符“connect”的前面)
     1>myword.cpp(285): error C2143: 语法错误 : 缺少“)”(在“;”的前面)
     1>myword.cpp(306): error C2001: 常量中有换行符
     1>myword.cpp(307): error C2146: 语法错误: 缺少“)”(在标识符“connect”的前面)
     1>myword.cpp(307): error C2143: 语法错误 : 缺少“)”(在“;”的前面)
     1>myword.cpp(478): error C2001: 常量中有换行符
     1>myword.cpp(479): error C2146: 语法错误: 缺少“)”(在标识符“child”的前面)
         正在生成代码...
     1>已完成生成项目“C:\CPPProject\_QTExample\code\CH17\MyselfWord\MyselfWord.vcxproj”(Build 个目标)的操作 - 失败。

生成失败。

已用时间 00:00:06.20
