生成启动时间为 2015/6/14 22:33:44。
     1>项目“C:\CPPProject\_QTExample\code\CH8\CH803\ViewEx\ViewEx.vcxproj”在节点 8 上(Build 个目标)。
     1>CustomBuild:
         Moc'ing histogramview.h...
         Moc'ing mainwindow.h...
     1>C:\Program Files (x86)\MSBuild\Microsoft.Cpp\v4.0\V120\Microsoft.CppBuild.targets(935,5): warning MSB8027: Two or more files with the name of moc_histogramview.cpp will produce outputs to the same location. This can lead to an incorrect build result.  The files involved are Debug\moc_histogramview.cpp, Release\moc_histogramview.cpp.
     1>C:\Program Files (x86)\MSBuild\Microsoft.Cpp\v4.0\V120\Microsoft.CppBuild.targets(935,5): warning MSB8027: Two or more files with the name of moc_mainwindow.cpp will produce outputs to the same location. This can lead to an incorrect build result.  The files involved are Debug\moc_mainwindow.cpp, Release\moc_mainwindow.cpp.
       ClCompile:
         C:\Program Files (x86)\Microsoft Visual Studio 12.0\VC\bin\x86_amd64\CL.exe /c /I. /IC:\qt\qt5.4.1\5.4\msvc2013_64_opengl\include /IC:\qt\qt5.4.1\5.4\msvc2013_64_opengl\include\QtWidgets /IC:\qt\qt5.4.1\5.4\msvc2013_64_opengl\include\QtGui /IC:\qt\qt5.4.1\5.4\msvc2013_64_opengl\include\QtCore /Idebug /I"C:\qt\qt5.4.1\5.4\msvc2013_64_opengl\mkspecs\win32-msvc2013" /Zi /nologo /W3 /WX- /Od /D _WINDOWS /D UNICODE /D WIN32 /D WIN64 /D QT_WIDGETS_LIB /D QT_GUI_LIB /D QT_CORE_LIB /Gm- /EHsc /MDd /GS /fp:precise /Zc:wchar_t /Zc:forScope /GR /Fo"x64\Debug\\" /Fd"x64\Debug\vc120.pdb" /Gd /TP /errorReport:prompt -Zm200 -w34100 -w34189 Debug\moc_histogramview.cpp Debug\moc_mainwindow.cpp histogramview.cpp mainwindow.cpp
         moc_histogramview.cpp
     1>c:\cppproject\_qtexample\code\ch8\ch803\viewex\debug\../histogramview.h : warning C4819: 该文件包含不能在当前代码页(936)中表示的字符。请将该文件保存为 Unicode 格式以防止数据丢失
         moc_mainwindow.cpp
     1>c:\cppproject\_qtexample\code\ch8\ch803\viewex\histogramview.h : warning C4819: 该文件包含不能在当前代码页(936)中表示的字符。请将该文件保存为 Unicode 格式以防止数据丢失
         histogramview.cpp
     1>histogramview.cpp : warning C4819: 该文件包含不能在当前代码页(936)中表示的字符。请将该文件保存为 Unicode 格式以防止数据丢失
     1>c:\cppproject\_qtexample\code\ch8\ch803\viewex\histogramview.h : warning C4819: 该文件包含不能在当前代码页(936)中表示的字符。请将该文件保存为 Unicode 格式以防止数据丢失
     1>histogramview.cpp(112): warning C4100: “deselected”: 未引用的形参
     1>histogramview.cpp(112): warning C4100: “selected”: 未引用的形参
     1>histogramview.cpp(183): warning C4100: “index”: 未引用的形参
     1>histogramview.cpp(185): warning C4100: “index”: 未引用的形参
     1>histogramview.cpp(187): warning C4100: “modifiers”: 未引用的形参
     1>histogramview.cpp(187): warning C4100: “cursorAction”: 未引用的形参
     1>histogramview.cpp(193): warning C4100: “index”: 未引用的形参
     1>histogramview.cpp(195): warning C4100: “selection”: 未引用的形参
         mainwindow.cpp
     1>mainwindow.cpp : warning C4819: 该文件包含不能在当前代码页(936)中表示的字符。请将该文件保存为 Unicode 格式以防止数据丢失
     1>c:\cppproject\_qtexample\code\ch8\ch803\viewex\histogramview.h : warning C4819: 该文件包含不能在当前代码页(936)中表示的字符。请将该文件保存为 Unicode 格式以防止数据丢失
     1>mainwindow.cpp(42): error C2001: 常量中有换行符
     1>mainwindow.cpp(43): error C2146: 语法错误: 缺少“)”(在标识符“model”的前面)
     1>mainwindow.cpp(43): error C2001: 常量中有换行符
     1>mainwindow.cpp(44): error C2001: 常量中有换行符
         正在生成代码...
     1>c:\cppproject\_qtexample\code\ch8\ch803\viewex\histogramview.cpp(183): error C4716: “HistogramView::visualRect”: 必须返回一个值
     1>c:\cppproject\_qtexample\code\ch8\ch803\viewex\histogramview.cpp(187): error C4716: “HistogramView::moveCursor”: 必须返回一个值
     1>c:\cppproject\_qtexample\code\ch8\ch803\viewex\histogramview.cpp(189): error C4716: “HistogramView::horizontalOffset”: 必须返回一个值
     1>c:\cppproject\_qtexample\code\ch8\ch803\viewex\histogramview.cpp(191): error C4716: “HistogramView::verticalOffset”: 必须返回一个值
     1>c:\cppproject\_qtexample\code\ch8\ch803\viewex\histogramview.cpp(193): error C4716: “HistogramView::isIndexHidden”: 必须返回一个值
     1>c:\cppproject\_qtexample\code\ch8\ch803\viewex\histogramview.cpp(195): error C4716: “HistogramView::visualRegionForSelection”: 必须返回一个值
     1>已完成生成项目“C:\CPPProject\_QTExample\code\CH8\CH803\ViewEx\ViewEx.vcxproj”(Build 个目标)的操作 - 失败。

生成失败。

已用时间 00:00:04.64
