生成启动时间为 2015/6/14 22:33:49。
     1>项目“C:\CPPProject\_QTExample\code\CH12\CH1205\TimeClient\TimeClient.vcxproj”在节点 8 上(Build 个目标)。
     1>CustomBuild:
         Moc'ing timeclient.h...
     1>C:\Program Files (x86)\MSBuild\Microsoft.Cpp\v4.0\V120\Microsoft.CppBuild.targets(935,5): warning MSB8027: Two or more files with the name of moc_timeclient.cpp will produce outputs to the same location. This can lead to an incorrect build result.  The files involved are GeneratedFiles\Debug\moc_timeclient.cpp, GeneratedFiles\Release\moc_timeclient.cpp.
       ClCompile:
         C:\Program Files (x86)\Microsoft Visual Studio 12.0\VC\bin\x86_amd64\CL.exe /c /I. /IC:\qt\qt5.4.1\5.4\msvc2013_64_opengl\include /IC:\qt\qt5.4.1\5.4\msvc2013_64_opengl\include\QtWidgets /IC:\qt\qt5.4.1\5.4\msvc2013_64_opengl\include\QtGui /IC:\qt\qt5.4.1\5.4\msvc2013_64_opengl\include\QtNetwork /IC:\qt\qt5.4.1\5.4\msvc2013_64_opengl\include\QtCore /Idebug /I"C:\qt\qt5.4.1\5.4\msvc2013_64_opengl\mkspecs\win32-msvc2013" /Zi /nologo /W3 /WX- /Od /D _WINDOWS /D UNICODE /D WIN32 /D WIN64 /D QT_WIDGETS_LIB /D QT_GUI_LIB /D QT_NETWORK_LIB /D QT_CORE_LIB /Gm- /EHsc /MDd /GS /fp:precise /Zc:wchar_t /Zc:forScope /GR /Fo"x64\Debug\\" /Fd"x64\Debug\vc120.pdb" /Gd /TP /errorReport:prompt -Zm200 -w34100 -w34189 GeneratedFiles\Debug\moc_timeclient.cpp timeclient.cpp
         moc_timeclient.cpp
         timeclient.cpp
     1>timeclient.cpp : warning C4819: 该文件包含不能在当前代码页(936)中表示的字符。请将该文件保存为 Unicode 格式以防止数据丢失
     1>timeclient.cpp(13): error C2001: 常量中有换行符
     1>timeclient.cpp(14): error C2146: 语法错误: 缺少“)”(在标识符“serverNameLineEdit”的前面)
     1>timeclient.cpp(16): error C2001: 常量中有换行符
     1>timeclient.cpp(17): error C2146: 语法错误: 缺少“)”(在标识符“portLineEdit”的前面)
     1>timeclient.cpp(19): error C2143: 语法错误 : 缺少“)”(在“;”的前面)
     1>timeclient.cpp(19): error C2143: 语法错误 : 缺少“;”(在“)”的前面)
     1>timeclient.cpp(29): error C2001: 常量中有换行符
     1>timeclient.cpp(30): error C2146: 语法错误: 缺少“)”(在标识符“QHBoxLayout”的前面)
     1>timeclient.cpp(31): error C2065: “layout2”: 未声明的标识符
     1>timeclient.cpp(31): error C2227: “->addWidget”的左边必须指向类/结构/联合/泛型类型
                 类型是“unknown-type”
     1>timeclient.cpp(31): error C2143: 语法错误 : 缺少“)”(在“;”的前面)
     1>timeclient.cpp(31): error C2143: 语法错误 : 缺少“;”(在“)”的前面)
     1>timeclient.cpp(36): error C2001: 常量中有换行符
     1>timeclient.cpp(37): error C2146: 语法错误: 缺少“)”(在标识符“QHBoxLayout”的前面)
     1>timeclient.cpp(38): error C2065: “layout3”: 未声明的标识符
     1>timeclient.cpp(38): error C2227: “->addStretch”的左边必须指向类/结构/联合/泛型类型
                 类型是“unknown-type”
     1>timeclient.cpp(38): error C2143: 语法错误 : 缺少“)”(在“;”的前面)
     1>timeclient.cpp(38): error C2143: 语法错误 : 缺少“;”(在“)”的前面)
     1>timeclient.cpp(39): error C2065: “layout3”: 未声明的标识符
     1>timeclient.cpp(39): error C2227: “->addWidget”的左边必须指向类/结构/联合/泛型类型
                 类型是“unknown-type”
     1>timeclient.cpp(40): error C2065: “layout3”: 未声明的标识符
     1>timeclient.cpp(40): error C2227: “->addWidget”的左边必须指向类/结构/联合/泛型类型
                 类型是“unknown-type”
     1>timeclient.cpp(45): error C2065: “layout2”: 未声明的标识符
     1>timeclient.cpp(46): error C2065: “layout3”: 未声明的标识符
     1>timeclient.cpp(99): error C2001: 常量中有换行符
     1>timeclient.cpp(99): error C2146: 语法错误: 缺少“)”(在标识符“涓绘満涓嶅彲杈撅紒”的前面)
     1>timeclient.cpp(102): error C2001: 常量中有换行符
     1>timeclient.cpp(102): error C2146: 语法错误: 缺少“)”(在标识符“杩炴帴琚嫆缁濓紒”的前面)
     1>timeclient.cpp(103): error C2143: 语法错误 : 缺少“)”(在“;”的前面)
     1>timeclient.cpp(105): error C2146: 语法错误: 缺少“)”(在标识符“浜х敓濡備笅閿欒”的前面)
     1>timeclient.cpp(105): error C2001: 常量中有换行符
     1>timeclient.cpp(107): error C2143: 语法错误 : 缺少“)”(在“;”的前面)
     1>timeclient.cpp(107): error C2143: 语法错误 : 缺少“;”(在“)”的前面)
         正在生成代码...
     1>已完成生成项目“C:\CPPProject\_QTExample\code\CH12\CH1205\TimeClient\TimeClient.vcxproj”(Build 个目标)的操作 - 失败。

生成失败。

已用时间 00:00:02.14
