生成启动时间为 2015/6/14 22:33:51。
     1>项目“C:\CPPProject\_QTExample\code\CH16\manager\manager.vcxproj”在节点 5 上(Build 个目标)。
     1>CustomBuild:
         Moc'ing logindialog.h...
         Moc'ing pieview.h...
         Moc'ing widget.h...
     1>C:\Program Files (x86)\MSBuild\Microsoft.Cpp\v4.0\V120\Microsoft.CppBuild.targets(935,5): warning MSB8027: Two or more files with the name of moc_logindialog.cpp will produce outputs to the same location. This can lead to an incorrect build result.  The files involved are Debug\moc_logindialog.cpp, Release\moc_logindialog.cpp.
     1>C:\Program Files (x86)\MSBuild\Microsoft.Cpp\v4.0\V120\Microsoft.CppBuild.targets(935,5): warning MSB8027: Two or more files with the name of moc_pieview.cpp will produce outputs to the same location. This can lead to an incorrect build result.  The files involved are Debug\moc_pieview.cpp, Release\moc_pieview.cpp.
     1>C:\Program Files (x86)\MSBuild\Microsoft.Cpp\v4.0\V120\Microsoft.CppBuild.targets(935,5): warning MSB8027: Two or more files with the name of moc_widget.cpp will produce outputs to the same location. This can lead to an incorrect build result.  The files involved are Debug\moc_widget.cpp, Release\moc_widget.cpp.
       ClCompile:
         C:\Program Files (x86)\Microsoft Visual Studio 12.0\VC\bin\x86_amd64\CL.exe /c /I. /IC:\Qt\Qt5.4.1\5.4\msvc2013_64_opengl\include /IC:\Qt\Qt5.4.1\5.4\msvc2013_64_opengl\include\QtWidgets /IC:\Qt\Qt5.4.1\5.4\msvc2013_64_opengl\include\QtGui /IC:\Qt\Qt5.4.1\5.4\msvc2013_64_opengl\include\QtSql /IC:\Qt\Qt5.4.1\5.4\msvc2013_64_opengl\include\QtXml /IC:\Qt\Qt5.4.1\5.4\msvc2013_64_opengl\include\QtCore /Idebug /I. /I"C:\Qt\Qt5.4.1\5.4\msvc2013_64_opengl\mkspecs\win32-msvc2013" /I.\GeneratedFiles /Zi /nologo /W3 /WX- /Od /D _WINDOWS /D UNICODE /D WIN32 /D WIN64 /D QT_WIDGETS_LIB /D QT_GUI_LIB /D QT_SQL_LIB /D QT_XML_LIB /D QT_CORE_LIB /Gm- /EHsc /MDd /GS /fp:precise /Zc:wchar_t /Zc:forScope /GR /Fo"x64\Debug\\" /Fd"x64\Debug\vc120.pdb" /Gd /TP /errorReport:prompt -Zm200 -w34100 -w34189 Debug\moc_logindialog.cpp Debug\moc_pieview.cpp Debug\moc_widget.cpp logindialog.cpp main.cpp pieview.cpp widget.cpp
         moc_logindialog.cpp
         moc_pieview.cpp
     1>c:\cppproject\_qtexample\code\ch16\manager\debug\../pieview.h : warning C4819: 该文件包含不能在当前代码页(936)中表示的字符。请将该文件保存为 Unicode 格式以防止数据丢失
         moc_widget.cpp
         logindialog.cpp
     1>logindialog.cpp : warning C4819: 该文件包含不能在当前代码页(936)中表示的字符。请将该文件保存为 Unicode 格式以防止数据丢失
     1>logindialog.cpp(25): error C2001: 常量中有换行符
     1>logindialog.cpp(25): error C2146: 语法错误: 缺少“)”(在标识符“璇峰厛杈撳叆瀵嗙爜鍐嶇櫥褰曪紒”的前面)
         main.cpp
     1>c:\cppproject\_qtexample\code\ch16\manager\connection.h : warning C4819: 该文件包含不能在当前代码页(936)中表示的字符。请将该文件保存为 Unicode 格式以防止数据丢失
     1>c:\cppproject\_qtexample\code\ch16\manager\connection.h(59): error C2001: 常量中有换行符
     1>c:\cppproject\_qtexample\code\ch16\manager\connection.h(60): error C2146: 语法错误: 缺少“)”(在标识符“doc”的前面)
         pieview.cpp
     1>pieview.cpp : warning C4819: 该文件包含不能在当前代码页(936)中表示的字符。请将该文件保存为 Unicode 格式以防止数据丢失
     1>c:\cppproject\_qtexample\code\ch16\manager\pieview.h : warning C4819: 该文件包含不能在当前代码页(936)中表示的字符。请将该文件保存为 Unicode 格式以防止数据丢失
     1>pieview.cpp(19): error C2001: 常量中有换行符
     1>pieview.cpp(20): error C2143: 语法错误 : 缺少“)”(在“for”的前面)
     1>pieview.cpp(20): error C2143: 语法错误 : 缺少“)”(在“;”的前面)
     1>pieview.cpp(20): error C2065: “i”: 未声明的标识符
     1>pieview.cpp(20): error C2143: 语法错误 : 缺少“;”(在“)”的前面)
     1>pieview.cpp(21): error C2143: 语法错误 : 缺少“;”(在“{”的前面)
     1>pieview.cpp(22): error C2065: “i”: 未声明的标识符
     1>pieview.cpp(22): error C2664: “void QPainter::drawLine(const QPointF &,const QPointF &)”: 无法将参数 1 从“int”转换为“const QPoint &”
                 原因如下:  无法从“int”转换为“const QPoint”
                 无构造函数可以接受源类型，或构造函数重载决策不明确
     1>pieview.cpp(23): error C2065: “i”: 未声明的标识符
     1>pieview.cpp(23): error C2661: “QPainter::drawText”: 没有重载函数接受 1 个参数
         widget.cpp
     1>widget.cpp : warning C4819: 该文件包含不能在当前代码页(936)中表示的字符。请将该文件保存为 Unicode 格式以防止数据丢失
     1>c:\cppproject\_qtexample\code\ch16\manager\connection.h : warning C4819: 该文件包含不能在当前代码页(936)中表示的字符。请将该文件保存为 Unicode 格式以防止数据丢失
     1>c:\cppproject\_qtexample\code\ch16\manager\connection.h(59): error C2001: 常量中有换行符
     1>c:\cppproject\_qtexample\code\ch16\manager\connection.h(60): error C2146: 语法错误: 缺少“)”(在标识符“doc”的前面)
     1>c:\cppproject\_qtexample\code\ch16\manager\pieview.h : warning C4819: 该文件包含不能在当前代码页(936)中表示的字符。请将该文件保存为 Unicode 格式以防止数据丢失
     1>widget.cpp(110): error C2001: 常量中有换行符
     1>widget.cpp(111): error C2146: 语法错误: 缺少“)”(在标识符“writeXml”的前面)
     1>widget.cpp(252): error C2001: 常量中有换行符
     1>widget.cpp(252): error C2146: 语法错误: 缺少“;”(在标识符“涓囧厓”的前面)
     1>widget.cpp(252): error C2065: “涓囧厓”: 未声明的标识符
     1>widget.cpp(252): error C2143: 语法错误 : 缺少“;”(在“字符串”的前面)
     1>widget.cpp(253): error C2146: 语法错误: 缺少“;”(在标识符“QListWidgetItem”的前面)
     1>widget.cpp(253): error C2065: “tempItem”: 未声明的标识符
     1>widget.cpp(253): error C2275: “QListWidgetItem”: 将此类型用作表达式非法
                 c:\qt\qt5.4.1\5.4\msvc2013_64_opengl\include\qtwidgets\qlistwidget.h(53) : 参见“QListWidgetItem”的声明
     1>widget.cpp(254): error C2065: “tempItem”: 未声明的标识符
     1>widget.cpp(254): error C2227: “->setText”的左边必须指向类/结构/联合/泛型类型
                 类型是“unknown-type”
     1>widget.cpp(255): error C2065: “tempItem”: 未声明的标识符
     1>widget.cpp(255): error C2227: “->setTextAlignment”的左边必须指向类/结构/联合/泛型类型
                 类型是“unknown-type”
     1>widget.cpp(256): error C2065: “tempItem”: 未声明的标识符
     1>widget.cpp(269): error C2001: 常量中有换行符
     1>widget.cpp(271): error C2146: 语法错误: 缺少“)”(在标识符“QSplitter”的前面)
     1>widget.cpp(272): error C2065: “splitter”: 未声明的标识符
     1>widget.cpp(272): error C2227: “->resize”的左边必须指向类/结构/联合/泛型类型
                 类型是“unknown-type”
     1>widget.cpp(273): error C2065: “splitter”: 未声明的标识符
     1>widget.cpp(273): error C2227: “->move”的左边必须指向类/结构/联合/泛型类型
                 类型是“unknown-type”
     1>widget.cpp(276): error C2065: “splitter”: 未声明的标识符
     1>widget.cpp(276): error C2227: “->addWidget”的左边必须指向类/结构/联合/泛型类型
                 类型是“unknown-type”
     1>widget.cpp(277): error C2065: “splitter”: 未声明的标识符
     1>widget.cpp(277): error C2227: “->addWidget”的左边必须指向类/结构/联合/泛型类型
                 类型是“unknown-type”
     1>widget.cpp(278): error C2065: “splitter”: 未声明的标识符
     1>widget.cpp(278): error C2227: “->setStretchFactor”的左边必须指向类/结构/联合/泛型类型
                 类型是“unknown-type”
     1>widget.cpp(279): error C2065: “splitter”: 未声明的标识符
     1>widget.cpp(279): error C2227: “->setStretchFactor”的左边必须指向类/结构/联合/泛型类型
                 类型是“unknown-type”
     1>widget.cpp(343): error C2001: 常量中有换行符
     1>widget.cpp(344): error C2146: 语法错误: 缺少“)”(在标识符“chartAction”的前面)
     1>widget.cpp(344): error C2001: 常量中有换行符
     1>widget.cpp(345): error C2001: 常量中有换行符
     1>widget.cpp(347): error C2143: 语法错误 : 缺少“)”(在“;”的前面)
     1>widget.cpp(351): error C2001: 常量中有换行符
     1>widget.cpp(352): error C2146: 语法错误: 缺少“)”(在标识符“manageMenu”的前面)
     1>widget.cpp(352): error C2143: 语法错误 : 缺少“)”(在“;”的前面)
         正在生成代码...
     1>已完成生成项目“C:\CPPProject\_QTExample\code\CH16\manager\manager.vcxproj”(Build 个目标)的操作 - 失败。

生成失败。

已用时间 00:00:07.48
